/*C20*/SET SCHEMA PUBLIC
DISCONNECT
/*C22*/SET SCHEMA PUBLIC
set schema PUBLIC
/*C21*/SET SCHEMA PUBLIC
DISCONNECT
/*C23*/SET SCHEMA PUBLIC
DISCONNECT
/*C24*/SET SCHEMA PUBLIC
DISCONNECT
/*C25*/SET SCHEMA PUBLIC
DISCONNECT
/*C26*/SET SCHEMA PUBLIC
DISCONNECT
/*C27*/SET SCHEMA PUBLIC
DISCONNECT
/*C28*/SET SCHEMA PUBLIC
DISCONNECT
/*C29*/SET SCHEMA PUBLIC
DISCONNECT
/*C30*/SET SCHEMA PUBLIC
DISCONNECT
/*C31*/SET SCHEMA PUBLIC
INSERT INTO USER VALUES(2,'nn@gmail.com','Nuevo nombre',TRUE,'Nuevo Apellido','33')
COMMIT
DELETE FROM USER WHERE ID=2
INSERT INTO USER VALUES(2,'nn@gmail.com','Diego',TRUE,'Larralde','33')
COMMIT
INSERT INTO COURSE VALUES(3,'Curso de jazz',TRUE,'Nuevo Curso','nn@gmail.com','Jazz')
ALTER SEQUENCE PUBLIC.HIBERNATE_SEQUENCE RESTART WITH 4
COMMIT
DELETE FROM COURSE WHERE COURSEID=3
INSERT INTO COURSE VALUES(3,'jazz cambiado',TRUE,'Curso de jazz cambiado','nn@gmail.com','jazz ')
COMMIT
DISCONNECT
/*C32*/SET SCHEMA PUBLIC
DISCONNECT
